[    0.000000] Initializing cgroup subsys cpuset
[    0.000000] Initializing cgroup subsys cpu
[    0.000000] Initializing cgroup subsys cpuacct
[    0.000000] Linux version 4.4.0-116-generic (buildd@lgw01-amd64-021) (gcc version 5.4.0 20160609 (Ubuntu 5.4.0-6ubuntu1~16.04.9) ) #140-Ubuntu SMP Mon Feb 12 21:23:04 UTC 2018 (Ubuntu 4.4.0-116.140-generic 4.4.98)
[    0.000000] Command line: BOOT_IMAGE=/boot/vmlinuz-4.4.0-116-generic root=LABEL=cloudimg-rootfs ro console=tty1 console=ttyS0
[    0.000000] KERNEL supported cpus:
[    0.000000]   Intel GenuineIntel
[    0.000000]   AMD AuthenticAMD
[    0.000000]   Centaur CentaurHauls
[    0.000000] x86/fpu: xstate_offset[2]:  576, xstate_sizes[2]:  256
[    0.000000] x86/fpu: Supporting XSAVE feature 0x01: 'x87 floating point registers'
[    0.000000] x86/fpu: Supporting XSAVE feature 0x02: 'SSE registers'
[    0.000000] x86/fpu: Supporting XSAVE feature 0x04: 'AVX registers'
[    0.000000] x86/fpu: Enabled xstate features 0x7, context size is 832 bytes, using 'standard' format.
[    0.000000] x86/fpu: Using 'lazy' FPU context switches.
[    0.000000] e820: BIOS-provided physical RAM map:
[    0.000000] BIOS-e820: [mem 0x0000000000000000-0x000000000009fbff] usable
[    0.000000] BIOS-e820: [mem 0x000000000009fc00-0x000000000009ffff] reserved
[    0.000000] BIOS-e820: [mem 0x00000000000f0000-0x00000000000fffff] reserved
[    0.000000] BIOS-e820: [mem 0x0000000000100000-0x000000003ffeffff] usable
[    0.000000] BIOS-e820: [mem 0x000000003fff0000-0x000000003fffffff] ACPI data
[    0.000000] BIOS-e820: [mem 0x00000000fec00000-0x00000000fec00fff] reserved
[    0.000000] BIOS-e820: [mem 0x00000000fee00000-0x00000000fee00fff] reserved
[    0.000000] BIOS-e820: [mem 0x00000000fffc0000-0x00000000ffffffff] reserved
[    0.000000] NX (Execute Disable) protection: active
[    0.000000] SMBIOS 2.5 present.
[    0.000000] Hypervisor detected: KVM
[    0.000000] e820: last_pfn = 0x3fff0 max_arch_pfn = 0x400000000
[    0.000000] MTRR: Disabled
[    0.000000] x86/PAT: MTRRs disabled, skipping PAT initialization too.
[    0.000000] CPU MTRRs all blank - virtualized system.
[    0.000000] x86/PAT: Configuration [0-7]: WB  WT  UC- UC  WB  WT  UC- UC  
[    0.000000] found SMP MP-table at [mem 0x0009fff0-0x0009ffff] mapped at [ffff88000009fff0]
[    0.000000] Scanning 1 areas for low memory corruption
[    0.000000] RAMDISK: [mem 0x36ac2000-0x37558fff]
[    0.000000] ACPI: Early table checksum verification disabled
[    0.000000] ACPI: RSDP 0x00000000000E0000 000024 (v02 VBOX  )
[    0.000000] ACPI: XSDT 0x000000003FFF0030 00003C (v01 VBOX   VBOXXSDT 00000001 ASL  00000061)
[    0.000000] ACPI: FACP 0x000000003FFF00F0 0000F4 (v04 VBOX   VBOXFACP 00000001 ASL  00000061)
[    0.000000] ACPI: DSDT 0x000000003FFF0470 00210F (v01 VBOX   VBOXBIOS 00000002 INTL 20100528)
[    0.000000] ACPI: FACS 0x000000003FFF0200 000040
[    0.000000] ACPI: FACS 0x000000003FFF0200 000040
[    0.000000] ACPI: APIC 0x000000003FFF0240 00005C (v02 VBOX   VBOXAPIC 00000001 ASL  00000061)
[    0.000000] ACPI: SSDT 0x000000003FFF02A0 0001CC (v01 VBOX   VBOXCPUT 00000002 INTL 20100528)
[    0.000000] No NUMA configuration found
[    0.000000] Faking a node at [mem 0x0000000000000000-0x000000003ffeffff]
[    0.000000] NODE_DATA(0) allocated [mem 0x3ffeb000-0x3ffeffff]
[    0.000000] kvm-clock: Using msrs 4b564d01 and 4b564d00
[    0.000000] kvm-clock: cpu 0, msr 0:3ffe3001, primary cpu clock
[    0.000000] kvm-clock: using sched offset of 3777669272 cycles
[    0.000000] clocksource: kvm-clock: mask: 0xffffffffffffffff max_cycles: 0x1cd42e4dffb, max_idle_ns: 881590591483 ns
[    0.000000] Zone ranges:
[    0.000000]   DMA      [mem 0x0000000000001000-0x0000000000ffffff]
[    0.000000]   DMA32    [mem 0x0000000001000000-0x000000003ffeffff]
[    0.000000]   Normal   empty
[    0.000000]   Device   empty
[    0.000000] Movable zone start for each node
[    0.000000] Early memory node ranges
[    0.000000]   node   0: [mem 0x0000000000001000-0x000000000009efff]
[    0.000000]   node   0: [mem 0x0000000000100000-0x000000003ffeffff]
[    0.000000] Initmem setup node 0 [mem 0x0000000000001000-0x000000003ffeffff]
[    0.000000] ACPI: PM-Timer IO Port: 0x4008
[    0.000000] IOAPIC[0]: apic_id 2, version 32, address 0xfec00000, GSI 0-23
[    0.000000] ACPI: INT_SRC_OVR (bus 0 bus_irq 0 global_irq 2 dfl dfl)
[    0.000000] ACPI: INT_SRC_OVR (bus 0 bus_irq 9 global_irq 9 high level)
[    0.000000] Using ACPI (MADT) for SMP configuration information
[    0.000000] smpboot: Allowing 2 CPUs, 0 hotplug CPUs
[    0.000000] PM: Registered nosave memory: [mem 0x00000000-0x00000fff]
[    0.000000] PM: Registered nosave memory: [mem 0x0009f000-0x0009ffff]
[    0.000000] PM: Registered nosave memory: [mem 0x000a0000-0x000effff]
[    0.000000] PM: Registered nosave memory: [mem 0x000f0000-0x000fffff]
[    0.000000] e820: [mem 0x40000000-0xfebfffff] available for PCI devices
[    0.000000] Booting paravirtualized kernel on KVM
[    0.000000] clocksource: refined-jiffies: mask: 0xffffffff max_cycles: 0xffffffff, max_idle_ns: 7645519600211568 ns
[    0.000000] setup_percpu: NR_CPUS:512 nr_cpumask_bits:512 nr_cpu_ids:2 nr_node_ids:1
[    0.000000] PERCPU: Embedded 34 pages/cpu @ffff88003fc00000 s99544 r8192 d31528 u1048576
[    0.000000] PV qspinlock hash table entries: 256 (order: 0, 4096 bytes)
[    0.000000] Built 1 zonelists in Node order, mobility grouping on.  Total pages: 257913
[    0.000000] Policy zone: DMA32
[    0.000000] Kernel command line: BOOT_IMAGE=/boot/vmlinuz-4.4.0-116-generic root=LABEL=cloudimg-rootfs ro console=tty1 console=ttyS0
[    0.000000] PID hash table entries: 4096 (order: 3, 32768 bytes)
[    0.000000] Memory: 1001688K/1048120K available (8530K kernel code, 1309K rwdata, 3992K rodata, 1508K init, 1316K bss, 46432K reserved, 0K cma-reserved)
[    0.000000] SLUB: HWalign=64, Order=0-3, MinObjects=0, CPUs=2, Nodes=1
[    0.000000] Kernel/User page tables isolation: enabled
[    0.000000] Hierarchical RCU implementation.
[    0.000000] 	Build-time adjustment of leaf fanout to 64.
[    0.000000] 	RCU restricting CPUs from NR_CPUS=512 to nr_cpu_ids=2.
[    0.000000] RCU: Adjusting geometry for rcu_fanout_leaf=64, nr_cpu_ids=2
[    0.000000] NR_IRQS:33024 nr_irqs:440 16
[    0.000000] Console: colour VGA+ 80x25
[    0.000000] console [tty1] enabled
[    0.000000] console [ttyS0] enabled
[    0.000000] tsc: Detected 2700.000 MHz processor
[    1.843046] Calibrating delay loop (skipped) preset value.. 5400.00 BogoMIPS (lpj=10800000)
[    1.932121] pid_max: default: 32768 minimum: 301
[    1.999238] ACPI: Core revision 20150930
[    2.063788] ACPI: 2 ACPI AML tables successfully acquired and loaded
[    2.139113] Security Framework initialized
[    2.203407] Yama: becoming mindful.
[    2.251339] AppArmor: AppArmor initialized
[    2.337685] Dentry cache hash table entries: 131072 (order: 8, 1048576 bytes)
[    2.366746] Inode-cache hash table entries: 65536 (order: 7, 524288 bytes)
[    2.372024] Mount-cache hash table entries: 2048 (order: 2, 16384 bytes)
[    2.375944] Mountpoint-cache hash table entries: 2048 (order: 2, 16384 bytes)
[    2.379333] Initializing cgroup subsys io
[    2.384999] Initializing cgroup subsys memory
[    2.405318] Initializing cgroup subsys devices
[    2.412402] Initializing cgroup subsys freezer
[    2.419106] Initializing cgroup subsys net_cls
[    2.432726] Initializing cgroup subsys perf_event
[    2.450427] Initializing cgroup subsys net_prio
[    2.459233] Initializing cgroup subsys hugetlb
[    2.465435] Initializing cgroup subsys pids
[    2.472330] CPU: Physical Processor ID: 0
[    2.495391] CPU: Processor Core ID: 0
[    2.552179] FEATURE SPEC_CTRL Not Present
[    2.621338] mce: CPU supports 0 MCE banks
[    2.641845] Last level iTLB entries: 4KB 64, 2MB 8, 4MB 8
[    2.643703] Last level dTLB entries: 4KB 64, 2MB 0, 4MB 0, 1GB 4
[    2.668846] Spectre V2 mitigation: Mitigation: Full generic retpoline
[    2.671088] Spectre V2 mitigation: Speculation control IBPB not-supported IBRS not-supported
[    2.701240] Freeing SMP alternatives memory: 32K
[    2.755481] ftrace: allocating 32186 entries in 126 pages
[    2.895786] smpboot: APIC(0) Converting physical 0 to logical package 0
[    2.981959] smpboot: Max logical packages: 1
[    2.989327] x2apic enabled
[    3.033618] Switched APIC routing to physical x2apic.
[    3.087184] ..TIMER: vector=0x30 apic1=0 pin1=2 apic2=-1 pin2=-1
[    3.202933] smpboot: CPU0: Intel(R) Core(TM) i5-5257U CPU @ 2.70GHz (family: 0x6, model: 0x3d, stepping: 0x4)
[    3.219785] Performance Events: unsupported p6 CPU model 61 no PMU driver, software events only.
[    3.263001] KVM setup paravirtual spinlock
[    3.303891] x86: Booting SMP configuration:
[    3.354117] .... node  #0, CPUs:      #1
[    3.355797] kvm-clock: cpu 1, msr 0:3ffe3041, secondary cpu clock
[    3.373507] mce: CPU supports 0 MCE banks
[    3.378625] x86: Booted up 1 node, 2 CPUs
[    3.426105] smpboot: Total of 2 processors activated (10800.00 BogoMIPS)
[    3.491515] devtmpfs: initialized
[    3.530684] evm: security.selinux
[    3.558789] evm: security.SMACK64
[    3.559987] evm: security.SMACK64EXEC
[    3.561276] evm: security.SMACK64TRANSMUTE
[    3.565397] evm: security.SMACK64MMAP
[    3.590210] evm: security.ima
[    3.623319] evm: security.capability
[    3.660934] clocksource: jiffies: mask: 0xffffffff max_cycles: 0xffffffff, max_idle_ns: 7645041785100000 ns
[    3.703134] futex hash table entries: 512 (order: 3, 32768 bytes)
[    3.757382] pinctrl core: initialized pinctrl subsystem
[    3.822915] RTC time: 20:10:28, date: 03/18/18
[    3.871621] NET: Registered protocol family 16
[    3.903224] cpuidle: using governor ladder
[    3.947746] cpuidle: using governor menu
[    3.995681] PCCT header not found.
[    4.030734] ACPI: bus type PCI registered
[    4.092058] acpiphp: ACPI Hot Plug PCI Controller Driver version: 0.5
[    4.156029] PCI: Using configuration type 1 for base access
[    4.219040] ACPI: Added _OSI(Module Device)
[    4.257632] ACPI: Added _OSI(Processor Device)
[    4.295902] ACPI: Added _OSI(3.0 _SCP Extensions)
[    4.313350] ACPI: Added _OSI(Processor Aggregator Device)
[    4.355547] ACPI: Executed 1 blocks of module-level executable AML code
[    4.410418] ACPI: Interpreter enabled
[    4.452931] ACPI: (supports S0 S5)
[    4.501708] ACPI: Using IOAPIC for interrupt routing
[    4.567168] PCI: Using host bridge windows from ACPI; if necessary, use "pci=nocrs" and report a bug
[    4.670508] ACPI: PCI Root Bridge [PCI0] (domain 0000 [bus 00-ff])
[    4.686354] acpi PNP0A03:00: _OSC: OS supports [ASPM ClockPM Segments MSI]
[    4.749530] acpi PNP0A03:00: _OSC failed (AE_NOT_FOUND); disabling ASPM
[    4.764043] acpi PNP0A03:00: fail to add MMCONFIG information, can't access extended PCI configuration space under this bridge.
[    4.784487] PCI host bridge to bus 0000:00
[    4.790237] pci_bus 0000:00: root bus resource [io  0x0000-0x0cf7 window]
[    4.802309] pci_bus 0000:00: root bus resource [io  0x0d00-0xffff window]
[    4.819292] pci_bus 0000:00: root bus resource [mem 0x000a0000-0x000bffff window]
[    4.825069] pci_bus 0000:00: root bus resource [mem 0x40000000-0xffdfffff window]
[    4.872062] pci_bus 0000:00: root bus resource [bus 00-ff]
[    4.906078] pci 0000:00:01.1: legacy IDE quirk: reg 0x10: [io  0x01f0-0x01f7]
[    4.980883] pci 0000:00:01.1: legacy IDE quirk: reg 0x14: [io  0x03f6]
[    5.023182] pci 0000:00:01.1: legacy IDE quirk: reg 0x18: [io  0x0170-0x0177]
[    5.062775] pci 0000:00:01.1: legacy IDE quirk: reg 0x1c: [io  0x0376]
[    5.149205] pci 0000:00:07.0: quirk: [io  0x4000-0x403f] claimed by PIIX4 ACPI
[    5.233806] pci 0000:00:07.0: quirk: [io  0x4100-0x410f] claimed by PIIX4 SMB
[    5.326706] ACPI: PCI Interrupt Link [LNKA] (IRQs 5 9 10 *11)
[    5.381978] ACPI: PCI Interrupt Link [LNKB] (IRQs 5 9 10 *11)
[    5.421555] ACPI: PCI Interrupt Link [LNKC] (IRQs 5 9 *10 11)
[    5.490422] ACPI: PCI Interrupt Link [LNKD] (IRQs 5 *9 10 11)
[    5.552327] ACPI: Enabled 2 GPEs in block 00 to 07
[    5.598996] vgaarb: setting as boot device: PCI:0000:00:02.0
[    5.653784] vgaarb: device added: PCI:0000:00:02.0,decodes=io+mem,owns=io+mem,locks=none
[    5.749202] vgaarb: loaded
[    5.797621] vgaarb: bridge control possible 0000:00:02.0
[    5.849413] SCSI subsystem initialized
[    5.878711] ACPI: bus type USB registered
[    5.907207] usbcore: registered new interface driver usbfs
[    5.956920] usbcore: registered new interface driver hub
[    5.982902] usbcore: registered new device driver usb
[    6.029808] PCI: Using ACPI for IRQ routing
[    6.075586] NetLabel: Initializing
[    6.128112] NetLabel:  domain hash size = 128
[    6.167198] NetLabel:  protocols = UNLABELED CIPSOv4
[    6.216355] NetLabel:  unlabeled traffic allowed by default
[    6.278057] amd_nb: Cannot enumerate AMD northbridges
[    6.343406] clocksource: Switched to clocksource kvm-clock
[    6.424105] AppArmor: AppArmor Filesystem Enabled
[    6.511964] pnp: PnP ACPI init
[    6.553106] pnp: PnP ACPI: found 3 devices
[    6.662146] clocksource: acpi_pm: mask: 0xffffff max_cycles: 0xffffff, max_idle_ns: 2085701024 ns
[    6.778663] NET: Registered protocol family 2
[    6.780541] TCP established hash table entries: 8192 (order: 4, 65536 bytes)
[    6.929326] TCP bind hash table entries: 8192 (order: 5, 131072 bytes)
[    6.951646] TCP: Hash tables configured (established 8192 bind 8192)
[    6.970920] UDP hash table entries: 512 (order: 2, 16384 bytes)
[    7.069005] UDP-Lite hash table entries: 512 (order: 2, 16384 bytes)
[    7.156859] NET: Registered protocol family 1
[    7.200934] pci 0000:00:00.0: Limiting direct PCI/PCI transfers
[    7.342830] pci 0000:00:01.0: Activating ISA DMA hang workarounds
[    7.453013] Unpacking initramfs...
[    9.261789] Freeing initrd memory: 10844K
[    9.281010] RAPL PMU detected, API unit is 2^-32 Joules, 4 fixed counters 10737418240 ms ovfl timer
[    9.295940] hw unit of domain pp0-core 2^-0 Joules
[    9.309627] hw unit of domain package 2^-0 Joules
[    9.341178] hw unit of domain dram 2^-0 Joules
[    9.357816] hw unit of domain pp1-gpu 2^-0 Joules
[    9.386456] platform rtc_cmos: registered platform RTC device (no PNP device found)
[    9.439766] Scanning for low memory corruption every 60 seconds
[    9.536042] audit: initializing netlink subsys (disabled)
[    9.621846] audit: type=2000 audit(1521403834.232:1): initialized
[    9.722086] Initialise system trusted keyring
[    9.803063] HugeTLB registered 2 MB page size, pre-allocated 0 pages
[    9.865574] zbud: loaded
[    9.915582] VFS: Disk quotas dquot_6.6.0
[    9.975172] VFS: Dquot-cache hash table entries: 512 (order 0, 4096 bytes)
[   10.111109] squashfs: version 4.0 (2009/01/31) Phillip Lougher
[   10.157335] fuse init (API version 7.23)
[   10.172261] Key type big_key registered
[   10.204036] Allocating IMA MOK and blacklist keyrings.
[   10.247248] Key type asymmetric registered
[   10.261816] Asymmetric key parser 'x509' registered
[   10.289066] Block layer SCSI generic (bsg) driver version 0.4 loaded (major 249)
[   10.321055] io scheduler noop registered
[   10.338961] io scheduler deadline registered (default)
[   10.368930] io scheduler cfq registered
[   10.381277] pci_hotplug: PCI Hot Plug PCI Core version: 0.5
[   10.402034] tsc: Refined TSC clocksource calibration: 2701.178 MHz
[   10.412364] pciehp: PCI Express Hot Plug Controller Driver version: 0.4
[   10.412815] ACPI: AC Adapter [AC] (on-line)
[   10.412891] input: Power Button as /devices/LNXSYSTM:00/LNXPWRBN:00/input/input0
[   10.412895] ACPI: Power Button [PWRF]
[   10.413025] input: Sleep Button as /devices/LNXSYSTM:00/LNXSLPBN:00/input/input1
[   10.413028] ACPI: Sleep Button [SLPF]
[   10.413283] GHES: HEST is not enabled!
[   10.425273] ACPI: Battery Slot [BAT0] (battery present)
[   10.425850] Serial: 8250/16550 driver, 32 ports, IRQ sharing enabled
[   10.453419] 00:02: ttyS0 at I/O 0x3f8 (irq = 4, base_baud = 115200) is a 16550A
[   10.458268] Linux agpgart interface v0.103
[   10.466822] loop: module loaded
[   10.467615] scsi host0: ata_piix
[   10.467688] scsi host1: ata_piix
[   10.467725] ata1: PATA max UDMA/33 cmd 0x1f0 ctl 0x3f6 bmdma 0xd000 irq 14
[   10.467726] ata2: PATA max UDMA/33 cmd 0x170 ctl 0x376 bmdma 0xd008 irq 15
[   10.468044] libphy: Fixed MDIO Bus: probed
[   10.468048] tun: Universal TUN/TAP device driver, 1.6
[   10.468048] tun: (C) 1999-2004 Max Krasnyansky <maxk@qualcomm.com>
[   10.468633] PPP generic driver version 2.4.2
[   10.468731] ehci_hcd: USB 2.0 'Enhanced' Host Controller (EHCI) Driver
[   10.468738] ehci-pci: EHCI PCI platform driver
[   10.468762] ehci-platform: EHCI generic platform driver
[   10.468776] ohci_hcd: USB 1.1 'Open' Host Controller (OHCI) Driver
[   10.468781] ohci-pci: OHCI PCI platform driver
[   10.468794] ohci-platform: OHCI generic platform driver
[   10.468804] uhci_hcd: USB Universal Host Controller Interface driver
[   10.468883] i8042: PNP: PS/2 Controller [PNP0303:PS2K,PNP0f03:PS2M] at 0x60,0x64 irq 1,12
[   10.469454] serio: i8042 KBD port at 0x60,0x64 irq 1
[   10.469463] serio: i8042 AUX port at 0x60,0x64 irq 12
[   10.469654] mousedev: PS/2 mouse device common for all mice
[   10.470011] input: AT Translated Set 2 keyboard as /devices/platform/i8042/serio0/input/input2
[   10.470500] rtc_cmos rtc_cmos: rtc core: registered rtc_cmos as rtc0
[   10.470575] rtc_cmos rtc_cmos: alarms up to one day, 114 bytes nvram
[   10.470587] i2c /dev entries driver
[   10.470665] device-mapper: uevent: version 1.0.3
[   10.470743] device-mapper: ioctl: 4.34.0-ioctl (2015-10-28) initialised: dm-devel@redhat.com
[   10.470767] ledtrig-cpu: registered to indicate activity on CPUs
[   10.471596] NET: Registered protocol family 10
[   10.471782] NET: Registered protocol family 17
[   10.471797] Key type dns_resolver registered
[   10.471983] microcode: CPU0 sig=0x306d4, pf=0x40, revision=0x0
[   10.473215] microcode: CPU1 sig=0x306d4, pf=0x40, revision=0x0
[   10.473250] microcode: Microcode Update Driver: v2.01 <tigran@aivazian.fsnet.co.uk>, Peter Oruba
[   10.473420] registered taskstats version 1
[   10.473435] Loading compiled-in X.509 certificates
[   10.474248] Loaded X.509 cert 'Build time autogenerated kernel key: aa84f01984fbd529c105810b59e379d349698248'
[   10.474272] zswap: loaded using pool lzo/zbud
[   10.476730] Key type trusted registered
[   10.482517] Key type encrypted registered
[   10.482524] AppArmor: AppArmor sha1 policy hashing enabled
[   10.482528] ima: No TPM chip found, activating TPM-bypass!
[   10.482547] evm: HMAC attrs: 0x1
[   10.482982]   Magic number: 10:73:195
[   10.488661] rtc_cmos rtc_cmos: setting system clock to 2018-03-18 20:10:35 UTC (1521403835)
[   10.488803] BIOS EDD facility v0.16 2004-Jun-25, 0 devices found
[   10.488804] EDD information not available.
[   11.685549] clocksource: tsc: mask: 0xffffffffffffffff max_cycles: 0x26ef9711458, max_idle_ns: 440795222241 ns
[   11.697294] Freeing unused kernel memory: 1508K
[   11.709400] Write protecting the kernel read-only data: 14336k
[   11.726908] Freeing unused kernel memory: 1700K
[   11.729925] Freeing unused kernel memory: 104K
Loading, please wait...
starting version[   11.755631] random: systemd-udevd: uninitialized urandom read (16 bytes read, 7 bits of entropy available)
 229
[   11.756862] random: udevadm: uninitialized urandom read (16 bytes read, 7 bits of entropy available)
[   11.756897] random: udevadm: uninitialized urandom read (16 bytes read, 7 bits of entropy available)
[   11.771976] random: udevadm: uninitialized urandom read (16 bytes read, 7 bits of entropy available)
[   11.772028] random: udevadm: uninitialized urandom read (16 bytes read, 7 bits of entropy available)
[   11.772199] random: udevadm: uninitialized urandom read (16 bytes read, 7 bits of entropy available)
[   11.772264] random: udevadm: uninitialized urandom read (16 bytes read, 7 bits of entropy available)
[   11.772327] random: udevadm: uninitialized urandom read (16 bytes read, 7 bits of entropy available)
[   11.772390] random: udevadm: uninitialized urandom read (16 bytes read, 7 bits of entropy available)
[   11.772455] random: udevadm: uninitialized urandom read (16 bytes read, 7 bits of entropy available)
[   12.138640] e1000: Intel(R) PRO/1000 Network Driver - version 7.3.21-k8-NAPI
[   12.160312] e1000: Copyright (c) 1999-2006 Intel Corporation.
[   12.168195] Fusion MPT base driver 3.04.20
[   12.176525] Copyright (c) 1999-2008 LSI Corporation
[   12.196217] Fusion MPT SPI Host driver 3.04.20
[   12.215510] AVX version of gcm_enc/dec engaged.
[   12.218298] AES CTR mode by8 optimization enabled
[   12.393318] input: ImExPS/2 Generic Explorer Mouse as /devices/platform/i8042/serio1/input/input4
[   12.585036] e1000 0000:00:03.0 eth0: (PCI:33MHz:32-bit) 02:74:f2:80:ad:a4
[   12.617427] e1000 0000:00:03.0 eth0: Intel(R) PRO/1000 Network Connection
[   13.061074] e1000 0000:00:08.0 eth1: (PCI:33MHz:32-bit) 08:00:27:28:da:74
[   13.076934] e1000 0000:00:08.0 eth1: Intel(R) PRO/1000 Network Connection
[   13.080243] e1000 0000:00:03.0 enp0s3: renamed from eth0
[   13.146598] mptbase: ioc0: Initiating bringup
[   13.160605] e1000 0000:00:08.0 enp0s8: renamed from eth1
[   13.247960] ioc0: LSI53C1030 A0: Capabilities={Initiator}
[   13.577609] scsi host2: ioc0: LSI53C1030 A0, FwRev=00000000h, Ports=1, MaxQ=256, IRQ=20
[   13.860268] scsi 2:0:0:0: Direct-Access     VBOX     HARDDISK         1.0  PQ: 0 ANSI: 5
[   13.981339] scsi target2:0:0: Beginning Domain Validation
[   14.057859] scsi target2:0:0: Domain Validation skipping write tests
[   14.143512] scsi target2:0:0: Ending Domain Validation
[   14.172357] scsi target2:0:0: asynchronous
[   14.231954] scsi 2:0:1:0: Direct-Access     VBOX     HARDDISK         1.0  PQ: 0 ANSI: 5
[   14.392378] scsi target2:0:1: Beginning Domain Validation
[   14.396470] scsi target2:0:1: Domain Validation skipping write tests
[   14.529569] scsi target2:0:1: Ending Domain Validation
[   14.551741] scsi target2:0:1: asynchronous
[   14.650494] sd 2:0:0:0: [sda] 20971520 512-byte logical blocks: (10.7 GB/10.0 GiB)
[   14.732353] sd 2:0:0:0: Attached scsi generic sg0 type 0
[   14.790244] sd 2:0:1:0: [sdb] 20480 512-byte logical blocks: (10.5 MB/10.0 MiB)
[   14.868608] sd 2:0:1:0: Attached scsi generic sg1 type 0
[   14.868772] sd 2:0:0:0: [sda] Write Protect is off
[   14.900671] sd 2:0:0:0: [sda] Incomplete mode parameter data
[   14.913115] sd 2:0:0:0: [sda] Assuming drive cache: write through
[   14.933464] sd 2:0:1:0: [sdb] Write Protect is off
[   14.983364] sd 2:0:1:0: [sdb] Incomplete mode parameter data
[   14.984777]  sda: sda1
[   14.985640] sd 2:0:0:0: [sda] Attached SCSI disk
[   15.172141] sd 2:0:1:0: [sdb] Assuming drive cache: write through
[   15.238704] floppy0: no floppy controllers found
[   15.311559] sd 2:0:1:0: [sdb] Attached SCSI disk
Begin: Loading e[   16.703801] md: linear personality registered for level -1
ssential drivers[   16.878650] md: multipath personality registered for level -4
 ... [   16.896944] md: raid0 personality registered for level 0
[   16.991055] md: raid1 personality registered for level 1
[   17.143586] raid6: sse2x1   gen()  8086 MB/s
[   17.259499] raid6: sse2x1   xor()  5267 MB/s
[   17.399931] raid6: sse2x2   gen() 11119 MB/s
[   17.539826] raid6: sse2x2   xor()  7419 MB/s
[   17.627647] raid6: sse2x4   gen() 12828 MB/s
[   17.775664] raid6: sse2x4   xor()  8976 MB/s
[   17.845545] raid6: using algorithm sse2x4 gen() 12828 MB/s
[   17.928288] raid6: .... xor() 8976 MB/s, rmw enabled
[   18.000799] raid6: using ssse3x2 recovery algorithm
[   18.088513] xor: automatically using best checksumming function:
[   18.251675]    avx       : 19637.000 MB/sec
[   18.308078] async_tx: api initialized (async)
[   18.394323] md: raid6 personality registered for level 6
[   18.466780] md: raid5 personality registered for level 5
[   18.544186] md: raid4 personality registered for level 4
[   18.620090] md: raid10 personality registered for level 10
done.
Begin: Running /scripts/init-premount ...[   18.744763] Btrfs loaded
 done.
Begin: Mounting root file system ... Begin: Running /scripts/local-top ... done.
Begin: Running /scripts/local-premount ... Scanning for Btrfs filesystems
done.
Warning: fsck no[   18.827653] EXT4-fs (sda1): INFO: recovery required on readonly filesystem
t present, so sk[   18.929479] EXT4-fs (sda1): write access will be enabled during recovery
ipping root file system
[   19.035562] EXT4-fs (sda1): recovery complete
[   19.120878] EXT4-fs (sda1): mounted filesystem with ordered data mode. Opts: (null)
done.
Begin: Running /scripts/local-bottom ... done.
Begin: Running /scripts/init-bottom ... done.
[   19.374680] systemd[1]: systemd 229 running in system mode. (+PAM +AUDIT +SELINUX +IMA +APPARMOR +SMACK +SYSVINIT +UTMP +LIBCRYPTSETUP +GCRYPT +GNUTLS +ACL +XZ -LZ4 +SECCOMP +BLKID +ELFUTILS +KMOD -IDN)
[   19.520113] systemd[1]: Detected virtualization oracle.
[   19.577679] systemd[1]: Detected architecture x86-64.

Welcome to [1mUbuntu 16.04.4 LTS[0m!

[   19.677375] systemd[1]: Set hostname to <ubuntu-xenial>.
[   19.891766] random: nonblocking pool is initialized
[   20.025278] systemd[1]: Listening on Journal Socket.
[[0;32m  OK  [0m] Listening on Journal Socket.
[   20.078126] systemd[1]: Started Forward Password Requests to Wall Directory Watch.
[[0;32m  OK  [0m] Started Forward Password Requests to Wall Directory Watch.
[   20.160597] systemd[1]: Listening on udev Control Socket.
[[0;32m  OK  [0m] Listening on udev Control Socket.
[   20.240286] systemd[1]: Listening on LVM2 metadata daemon socket.
[[0;32m  OK  [0m] Listening on LVM2 metadata daemon socket.
[   20.367975] systemd[1]: Reached target Swap.
[[0;32m  OK  [0m] Reached target Swap.
[   20.511736] systemd[1]: Listening on Syslog Socket.
[[0;32m  OK  [0m] Listening on Syslog Socket.
[   20.584369] systemd[1]: Created slice User and Session Slice.
[[0;32m  OK  [0m] Created slice User and Session Slice.
[   20.683865] systemd[1]: Listening on Journal Audit Socket.
[[0;32m  OK  [0m] Listening on Journal Audit Socket.
[   20.748834] systemd[1]: Created slice System Slice.
[[0;32m  OK  [0m] Created slice System Slice.
[   20.824058] systemd[1]: Starting Load Kernel Modules...
         [   20.845562] Loading iSCSI transport class v2.0-870.
Starting Load Kernel Modules...
[   20.936480] systemd[1]: Starting Nameserver information manager...
[   20.954462] iscsi: registered transport (tcp)
         Starting Nameser[   21.051106] iscsi: registered transport (iser)
ver information manager...
[   21.152172] systemd[1]: Starting Uncomplicated firewall...
         Starting Uncomplicated firewall...
[   21.288542] systemd[1]: Starting Create list of required static device nodes for the current kernel...
         Starting Create list of required st... nodes for the current kernel...
[   21.451881] systemd[1]: Starting Set console keymap...
         Starting Set console keymap...
[   21.572169] systemd[1]: Started Trigger resolvconf update for networkd DNS.
[[0;32m  OK  [0m] Started Trigger resolvconf update for networkd DNS.
[   21.639279] systemd[1]: Reached target Slices.
[[0;32m  OK  [0m] Reached target Slices.
[   21.667783] systemd[1]: Mounting Debug File System...
         Mounting Debug File System...
[   21.735844] systemd[1]: Listening on Device-mapper event daemon FIFOs.
[[0;32m  OK  [0m] Listening on Device-mapper event daemon FIFOs.
[   21.864019] systemd[1]: Starting Monitoring of LVM2 mirrors, snapshots etc. using dmeventd or progress polling...
         Starting Monitoring of LVM2 mirrors... dmeventd or progress polling...
[   22.020652] systemd[1]: Created slice system-serial\x2dgetty.slice.
[[0;32m  OK  [0m] Created slice system-serial\x2dgetty.slice.
[   22.128382] systemd[1]: Starting Remount Root and Kernel File Systems...
         Starting Remount Root and Kernel File Systems...
[   22.137177] systemd[1]: Set up automount Arbitrary Executable File Formats File System Automount Point.
[   22.163658] EXT4-fs (sda1): re-mounted. Opts: (null)
[[0;32m  OK  [0m] Set up automount Arbitrary Executab...ats File System Automount Point.
[   22.223850] systemd[1]: Reached target User and Group Name Lookups.
[[0;32m  OK  [0m] Reached target User and Group Name Lookups.
[   22.360525] systemd[1]: Listening on Journal Socket (/dev/log).
[[0;32m  OK  [0m] Listening on Journal Socket (/dev/log).
[   22.560114] systemd[1]: Starting Journal Service...
         Starting Journal Service...
[   22.614897] systemd[1]: Reached target Encrypted Volumes.
[[0;32m  OK  [0m] Reached target Encrypted Volumes.
[   22.691852] systemd[1]: Listening on /dev/initctl Compatibility Named Pipe.
[[0;32m  OK  [0m] Listening on /dev/initctl Compatibility Named Pipe.
[   22.799624] systemd[1]: Mounting POSIX Message Queue File System...
         Mounting POSIX Message Queue File System...
[   22.880821] systemd[1]: Mounting Huge Pages File System...
         Mounting Huge Pages File System...
[   22.952106] systemd[1]: Listening on LVM2 poll daemon socket.
[[0;32m  OK  [0m] Listening on LVM2 poll daemon socket.
[   22.984589] systemd[1]: Listening on udev Kernel Socket.
[[0;32m  OK  [0m] Listening on udev Kernel Socket.
[   23.057200] systemd[1]: Mounted Debug File System.
[[0;32m  OK  [0m] Mounted Debug File System.
[   23.112047] systemd[1]: Mounted POSIX Message Queue File System.
[[0;32m  OK  [0m] Mounted POSIX Message Queue File System.
[   23.159810] systemd[1]: Mounted Huge Pages File System.
[[0;32m  OK  [0m] Mounted Huge Pages File System.
[   23.193397] systemd[1]: Started Journal Service.
[[0;32m  OK  [0m] Started Journal Service.
[[0;32m  OK  [0m] Started Load Kernel Modules.
[[0;32m  OK  [0m] Started Uncomplicated firewall.
[[0;32m  OK  [0m] Started Create list of required sta...ce nodes for the current kernel.
[[0;32m  OK  [0m] Started Set console keymap.
[[0;32m  OK  [0m] Started Remount Root and Kernel File Systems.
[[0;32m  OK  [0m] Started Nameserver information manager.
[[0;32m  OK  [0m] Started LVM2 metadata daemon.
         Starting Initial cloud-init job (pre-networking)...
         Starting Load/Save Random Seed...
         Starting udev Coldplug all Devices...
         Starting Create Static Device Nodes in /dev...
         Starting Apply Kernel Variables...
         Mounting FUSE Control File System...
         Starting Flush Journal to Persistent Storage...
[[0;32m  OK  [0m] Mounted FUSE Control File System.
[[0;32m  OK  [0m] Started Monitoring of LVM2 mirrors,...ng dmeventd or progress polling.
[[0;32m  OK  [0m] Started Load/Save Random Seed.
[[0;32m  OK  [0m] Started Create Static Device Nodes in /dev.
[[0;32m  OK  [0m] Started Apply Kernel Variables.
[[0;32m  OK  [0m] Started udev Coldplug all Devices.
[[0;32m  OK  [0m] Started Flush Journal to Persistent Storage.
         Starting udev Kernel Device Manager...
[[0;32m  OK  [0m] Started udev Kernel Device Manager.
[[0;32m  OK  [0m] Reached target Local File Systems (Pre).
[[0;32m  OK  [0m] Reached target Local File Systems.
         Starting Create Volatile Files and Directories...
         Starting Set console font and keymap...
         Starting LSB: AppArmor initialization...
         Starting Tell Plymouth To Write Out Runtime Data...
[[0;32m  OK  [0m] Started Dispatch Password Requests to Console Directory Watch.
[[0;32m  OK  [0m] Started Create Volatile Files and Directories.
[[0;32m  OK  [0m] Started Tell Plymouth To Write Out Runtime Data.
[[0;32m  OK  [0m] Found device /dev/ttyS0.
[[0;32m  OK  [0m] Listening on Load/Save RF Kill Switch Status /dev/rfkill Watch.
[[0;32m  OK  [0m] Reached target System Time Synchronized.
         Starting Update UTMP about System Boot/Shutdown...
[[0;32m  OK  [0m] Started Update UTMP about System Boot/Shutdown.
[   19.609090] cloud-init[448]: Cloud-init v. 17.2 running 'init-local' at Sun, 18 Mar 2018 20:10:49 +0000. Up 18.72 seconds.
[[0;32m  OK  [0m] Started LSB: AppArmor initialization.
[[0;32m  OK  [0m] Started Set console font and keymap.
[[0;32m  OK  [0m] Started Initial cloud-init job (pre-networking).
[[0;32m  OK  [0m] Found device 82540EM Gigabit Ethern...r (PRO/1000 MT Desktop Adapter).
[[0;32m  OK  [0m] Reached target Network (Pre).
[[0;32m  OK  [0m] Started ifup for enp0s3.
[[0;32m  OK  [0m] Created slice system-getty.slice.
         Starting Raise network interfaces...
[[0;32m  OK  [0m] Started ifup for enp0s8.
[[0;32m  OK  [0m] Started Raise network interfaces.
         Starting Initial cloud-init job (metadata service crawler)...
[[0;32m  OK  [0m] Reached target Network.
[   23.344111] cloud-init[1042]: Cloud-init v. 17.2 running 'init' at Sun, 18 Mar 2018 20:10:53 +0000. Up 22.73 seconds.
[   23.388517] cloud-init[1042]: ci-info: ++++++++++++++++++++++++++++++++++++++Net device info++++++++++++++++++++++++++++++++++++++
[   23.424355] [cloud-init[0;32m  OK  [0m[1042]: ] ci-info: +--------+------+-----------------------------+---------------+-------+-------------------+Started Initial cloud-init job (metadata service crawler).

[   23.425579] cloud-init[1042]: ci-info: | Device |  Up  |           Address           |      Mask     | Scope |     Hw-Address    |
[   23.520485] [cloud-init[0;32m  OK  [0m[1042]: ] ci-info: +--------+------+-----------------------------+---------------+-------+-------------------+Reached target Network is Online.

[   23.521426] cloud-init[1042]: ci-info: | enp0s3 | True |          10.0.2.15          | 255.255.255.0 |   .   | 02:74:f2:80:ad:a4 |
         Starting iSCSI initiator daemon (iscsid)...
[   23.612476] cloud-init[1042]: ci-info: | enp0s3 | True |  fe80::74:f2ff:fe80:ada4/64 |       .       |  link | 02:74:f2:80:ad:a4 |
[[0;32m  OK  [0m] Reached target System Initialization.
[   23.652994] cloud-init[1042]: ci-info: | enp0s8 | True |        192.168.10.100       | 255.255.255.0 |   .   | 08:00:27:28:da:74 |
[   23.687355] [[0;32m  OK  [0m] Started Timer to automatically refresh installed snaps.
cloud-init[1042]: ci-info: | enp0s8 | True | fe80::a00:27ff:fe28:da74/64 |       .       |  link | 08:00:27:28:da:74 |
[   23.742920] [[0;32m  OK  [0m] Started Daily apt download activities.
         Starting Socket activation for snappy daemon.
cloud-init[1042]: ci-info: |   lo   | True |          127.0.0.1          |   255.0.0.0   |   .   |         .         |
[   23.816603] [cloud-init[0;32m  OK  [0m[1042]: ] ci-info: |   lo   | True |           ::1/128           |       .       |  host |         .         |Listening on UUID daemon activation socket.

[   23.818232] cloud-init[1042]: ci-info: +--------+------+-----------------------------+---------------+-------+-------------------+
[[0;32m  OK  [0m] Started ACPI Events Check.
[   23.869642] cloud-init[1042]: ci-info: ++++++++++++++++++++++++++++Route IPv4 info++++++++++++++++++++++++++++
[[0;32m  OK  [0m] Reached target Paths.
[   23.903955]          Starting LXD - unix socket.
[[0;32m  OK  [0m] Listening on ACPID Listen Socket.
cloud-init[1042]: ci-info: +-------+--------------+----------+---------------+-----------+-------+
[   23.946593] [cloud-init[0;32m  OK  [0m[1042]: ] ci-info: | Route | Destination  | Gateway  |    Genmask    | Interface | Flags |Started Daily apt upgrade and clean activities.

[[0;32m  OK  [0m] Listening on D-Bus System Message Bus Socket.
[[0;32m  OK  [0m] Started Daily Cleanup of Temporary Directories.
[   23.947726] cloud-init[1042]: ci-info: +-------+--------------+----------+---------------+-----------+-------+
[   24.104651] [cloud-init[0;32m  OK  [0m[1042]: ] ci-info: |   0   |   0.0.0.0    | 10.0.2.2 |    0.0.0.0    |   enp0s3  |   UG  |Reached target Timers.

[   24.106970] [cloud-init[0;32m  OK  [0m[1042]: ] ci-info: |   1   |   10.0.2.0   | 0.0.0.0  | 255.255.255.0 |   enp0s3  |   U   |Reached target Cloud-config availability.

[   24.228994] [cloud-init[0;32m  OK  [0m[1042]: ] ci-info: |   2   | 192.168.10.0 | 0.0.0.0  | 255.255.255.0 |   enp0s8  |   U   |Listening on Socket activation for snappy daemon.

[[0;32m  OK  [0m] Listening on LXD - unix socket.
[[0;32m  OK  [0m] Started iSCSI initiator daemon (iscsid).
[   24.230099] cloud-init[1042]: ci-info: +-------+--------------+----------+---------------+-----------+-------+
         Starting Login to default iSCSI targets...
[[0;32m  OK  [0m] Reached target Sockets.
[[0;32m  OK  [0m] Reached target Basic System.
[[0;32m  OK  [0m] Started FUSE filesystem for LXC.
[[0;32m  OK  [0m] Started Unattended Upgrades Shutdown.
         Starting LSB: MD monitoring daemon...
[[0;32m  OK  [0m] Started Regular background program processing daemon.
         Starting System Logging Service...
[[0;32m  OK  [0m] Started Deferred execution scheduler.
         Starting A high performance web server and a reverse proxy server...
         Starting Login Service...
         Starting LXD - container startup/shutdown...
         Starting Accounts Service...
         Starting /etc/rc.local Compatibility...
[[0;32m  OK  [0m] Started ACPI event daemon.
         Starting OpenBSD Secure Shell server...
[[0;32m  OK  [0m] Started D-Bus System Message Bus.
         Starting LSB: Record successful boot for GRUB...
         Starting Apply the settings specified in cloud-config...
         Starting Snappy daemon...
[[0;32m  OK  [0m] Started System Logging Service.
[[0;32m  OK  [0m] Started OpenBSD Secure Shell server.
[[0;32m  OK  [0m] Started LXD - container startup/shutdown.
[[0;32m  OK  [0m] Started /etc/rc.local Compatibility.
[[0;32m  OK  [0m] Started A high performance web server and a reverse proxy server.
[[0;32m  OK  [0m] Started Snappy daemon.
[[0;32m  OK  [0m] Started LSB: MD monitoring daemon.
[[0;32m  OK  [0m] Started Login to default iSCSI targets.
[[0;32m  OK  [0m] Started LSB: Record successful boot for GRUB.
[[0;32m  OK  [0m] Started Login Service.
         Starting Authenticate and Authorize Users to Run Privileged Tasks...
[[0;32m  OK  [0m] Reached target Remote File Systems (Pre).
[[0;32m  OK  [0m] Reached target Remote File Systems.
         Starting LSB: VirtualBox Linux Additions...
         Starting LSB: automatic crash report generation...
         Starting LSB: Set the CPU Frequency Scaling governor to "ondemand"...
         Starting LSB: daemon to balance interrupts for SMP systems...
         Starting Permit User Sessions...
[[0;32m  OK  [0m] Started Permit User Sessions.
[[0;32m  OK  [0m] Started Authenticate and Authorize Users to Run Privileged Tasks.
[[0;32m  OK  [0m] Started Accounts Service.
[   25.948884] cloud-init[1150]: Cloud-init v. 17.2 running 'modules:config' at Sun, 18 Mar 2018 20:10:56 +0000. Up 25.79 seconds.
[[0;32m  OK  [0m] Started Apply the settings specified in cloud-config.
[[0;32m  OK  [0m] Started LSB: VirtualBox Linux Additions.
[[0;32m  OK  [0m] Created slice User Slice of vagrant.
[[0;32m  OK  [0m] Started Session 1 of user vagrant.
         Starting User Manager for UID 1000...
         Starting Hold until boot process finishes up...
         Starting Terminate Plymouth Boot Screen...
[[0;32m  OK  [0m] Started User Manager for UID 1000.
[[0;32m  OK  [0m] Started LSB: automatic crash report generation.
[[0;32m  OK  [0m] Started LSB: Set the CPU Frequency Scaling governor to "ondemand".
[[0;32m  OK  [0m] Started LSB: daemon to balance interrupts for SMP systems.
[[0;32m  OK  [0m] Started Hold until boot process finishes up.
[[0;32m  OK  [0m] Started Terminate Plymouth Boot Screen.
[[0;32m  OK  [0m] Started Serial Getty on ttyS0.
[[0;32m  OK  [0m] Started Getty on tty1.
[[0;32m  OK  [0m] Reached target Login Prompts.
         Starting Set console scheme...
[[0;32m  OK  [0m] Reached target Multi-User System.
         Starting Execute cloud user/final scripts...
[[0;32m  OK  [0m] Reached target Graphical Interface.
         Starting Update UTMP about System Runlevel Changes...
[[0;32m  OK  [0m] Started Set console scheme.
[[0;32m  OK  [0m] Started Update UTMP about System Runlevel Changes.
[   27.267409] cloud-init[1287]: Cloud-init v. 17.2 running 'modules:final' at Sun, 18 Mar 2018 20:10:57 +0000. Up 27.08 seconds.
[   27.348900] [cloud-init[0;32m  OK  [0m[1287]: ] Cloud-init v. 17.2 finished at Sun, 18 Mar 2018 20:10:57 +0000. Datasource DataSourceNoCloud [seed=/dev/sdb][dsmode=net].  Up 27.25 secondsStarted Execute cloud user/final scripts.

[[0;32m  OK  [0m] Reached target Cloud-init target.
         Starting Daily apt download activities...
         Stopping User Manager for UID 1000...
[[0;32m  OK  [0m] Stopped User Manager for UID 1000.
[[0;32m  OK  [0m] Removed slice User Slice of vagrant.

Ubuntu 16.04.4 LTS ubuntu-xenial ttyS0

ubuntu-xenial login: 