[    0.000000] Initializing cgroup subsys cpuset
[    0.000000] Initializing cgroup subsys cpu
[    0.000000] Initializing cgroup subsys cpuacct
[    0.000000] Linux version 4.4.0-116-generic (buildd@lgw01-amd64-021) (gcc version 5.4.0 20160609 (Ubuntu 5.4.0-6ubuntu1~16.04.9) ) #140-Ubuntu SMP Mon Feb 12 21:23:04 UTC 2018 (Ubuntu 4.4.0-116.140-generic 4.4.98)
[    0.000000] Command line: BOOT_IMAGE=/boot/vmlinuz-4.4.0-116-generic root=LABEL=cloudimg-rootfs ro console=tty1 console=ttyS0
[    0.000000] KERNEL supported cpus:
[    0.000000]   Intel GenuineIntel
[    0.000000]   AMD AuthenticAMD
[    0.000000]   Centaur CentaurHauls
[    0.000000] x86/fpu: xstate_offset[2]:  576, xstate_sizes[2]:  256
[    0.000000] x86/fpu: Supporting XSAVE feature 0x01: 'x87 floating point registers'
[    0.000000] x86/fpu: Supporting XSAVE feature 0x02: 'SSE registers'
[    0.000000] x86/fpu: Supporting XSAVE feature 0x04: 'AVX registers'
[    0.000000] x86/fpu: Enabled xstate features 0x7, context size is 832 bytes, using 'standard' format.
[    0.000000] x86/fpu: Using 'lazy' FPU context switches.
[    0.000000] e820: BIOS-provided physical RAM map:
[    0.000000] BIOS-e820: [mem 0x0000000000000000-0x000000000009fbff] usable
[    0.000000] BIOS-e820: [mem 0x000000000009fc00-0x000000000009ffff] reserved
[    0.000000] BIOS-e820: [mem 0x00000000000f0000-0x00000000000fffff] reserved
[    0.000000] BIOS-e820: [mem 0x0000000000100000-0x000000003ffeffff] usable
[    0.000000] BIOS-e820: [mem 0x000000003fff0000-0x000000003fffffff] ACPI data
[    0.000000] BIOS-e820: [mem 0x00000000fec00000-0x00000000fec00fff] reserved
[    0.000000] BIOS-e820: [mem 0x00000000fee00000-0x00000000fee00fff] reserved
[    0.000000] BIOS-e820: [mem 0x00000000fffc0000-0x00000000ffffffff] reserved
[    0.000000] NX (Execute Disable) protection: active
[    0.000000] SMBIOS 2.5 present.
[    0.000000] Hypervisor detected: KVM
[    0.000000] e820: last_pfn = 0x3fff0 max_arch_pfn = 0x400000000
[    0.000000] MTRR: Disabled
[    0.000000] x86/PAT: MTRRs disabled, skipping PAT initialization too.
[    0.000000] CPU MTRRs all blank - virtualized system.
[    0.000000] x86/PAT: Configuration [0-7]: WB  WT  UC- UC  WB  WT  UC- UC  
[    0.000000] found SMP MP-table at [mem 0x0009fff0-0x0009ffff] mapped at [ffff88000009fff0]
[    0.000000] Scanning 1 areas for low memory corruption
[    0.000000] RAMDISK: [mem 0x36ac2000-0x37558fff]
[    0.000000] ACPI: Early table checksum verification disabled
[    0.000000] ACPI: RSDP 0x00000000000E0000 000024 (v02 VBOX  )
[    0.000000] ACPI: XSDT 0x000000003FFF0030 00003C (v01 VBOX   VBOXXSDT 00000001 ASL  00000061)
[    0.000000] ACPI: FACP 0x000000003FFF00F0 0000F4 (v04 VBOX   VBOXFACP 00000001 ASL  00000061)
[    0.000000] ACPI: DSDT 0x000000003FFF0470 00210F (v01 VBOX   VBOXBIOS 00000002 INTL 20100528)
[    0.000000] ACPI: FACS 0x000000003FFF0200 000040
[    0.000000] ACPI: FACS 0x000000003FFF0200 000040
[    0.000000] ACPI: APIC 0x000000003FFF0240 00005C (v02 VBOX   VBOXAPIC 00000001 ASL  00000061)
[    0.000000] ACPI: SSDT 0x000000003FFF02A0 0001CC (v01 VBOX   VBOXCPUT 00000002 INTL 20100528)
[    0.000000] No NUMA configuration found
[    0.000000] Faking a node at [mem 0x0000000000000000-0x000000003ffeffff]
[    0.000000] NODE_DATA(0) allocated [mem 0x3ffeb000-0x3ffeffff]
[    0.000000] kvm-clock: Using msrs 4b564d01 and 4b564d00
[    0.000000] kvm-clock: cpu 0, msr 0:3ffe3001, primary cpu clock
[    0.000000] kvm-clock: using sched offset of 3485279388 cycles
[    0.000000] clocksource: kvm-clock: mask: 0xffffffffffffffff max_cycles: 0x1cd42e4dffb, max_idle_ns: 881590591483 ns
[    0.000000] Zone ranges:
[    0.000000]   DMA      [mem 0x0000000000001000-0x0000000000ffffff]
[    0.000000]   DMA32    [mem 0x0000000001000000-0x000000003ffeffff]
[    0.000000]   Normal   empty
[    0.000000]   Device   empty
[    0.000000] Movable zone start for each node
[    0.000000] Early memory node ranges
[    0.000000]   node   0: [mem 0x0000000000001000-0x000000000009efff]
[    0.000000]   node   0: [mem 0x0000000000100000-0x000000003ffeffff]
[    0.000000] Initmem setup node 0 [mem 0x0000000000001000-0x000000003ffeffff]
[    0.000000] ACPI: PM-Timer IO Port: 0x4008
[    0.000000] IOAPIC[0]: apic_id 2, version 32, address 0xfec00000, GSI 0-23
[    0.000000] ACPI: INT_SRC_OVR (bus 0 bus_irq 0 global_irq 2 dfl dfl)
[    0.000000] ACPI: INT_SRC_OVR (bus 0 bus_irq 9 global_irq 9 high level)
[    0.000000] Using ACPI (MADT) for SMP configuration information
[    0.000000] smpboot: Allowing 2 CPUs, 0 hotplug CPUs
[    0.000000] PM: Registered nosave memory: [mem 0x00000000-0x00000fff]
[    0.000000] PM: Registered nosave memory: [mem 0x0009f000-0x0009ffff]
[    0.000000] PM: Registered nosave memory: [mem 0x000a0000-0x000effff]
[    0.000000] PM: Registered nosave memory: [mem 0x000f0000-0x000fffff]
[    0.000000] e820: [mem 0x40000000-0xfebfffff] available for PCI devices
[    0.000000] Booting paravirtualized kernel on KVM
[    0.000000] clocksource: refined-jiffies: mask: 0xffffffff max_cycles: 0xffffffff, max_idle_ns: 7645519600211568 ns
[    0.000000] setup_percpu: NR_CPUS:512 nr_cpumask_bits:512 nr_cpu_ids:2 nr_node_ids:1
[    0.000000] PERCPU: Embedded 34 pages/cpu @ffff88003fc00000 s99544 r8192 d31528 u1048576
[    0.000000] PV qspinlock hash table entries: 256 (order: 0, 4096 bytes)
[    0.000000] Built 1 zonelists in Node order, mobility grouping on.  Total pages: 257913
[    0.000000] Policy zone: DMA32
[    0.000000] Kernel command line: BOOT_IMAGE=/boot/vmlinuz-4.4.0-116-generic root=LABEL=cloudimg-rootfs ro console=tty1 console=ttyS0
[    0.000000] PID hash table entries: 4096 (order: 3, 32768 bytes)
[    0.000000] Memory: 1001688K/1048120K available (8530K kernel code, 1309K rwdata, 3992K rodata, 1508K init, 1316K bss, 46432K reserved, 0K cma-reserved)
[    0.000000] SLUB: HWalign=64, Order=0-3, MinObjects=0, CPUs=2, Nodes=1
[    0.000000] Kernel/User page tables isolation: enabled
[    0.000000] Hierarchical RCU implementation.
[    0.000000] 	Build-time adjustment of leaf fanout to 64.
[    0.000000] 	RCU restricting CPUs from NR_CPUS=512 to nr_cpu_ids=2.
[    0.000000] RCU: Adjusting geometry for rcu_fanout_leaf=64, nr_cpu_ids=2
[    0.000000] NR_IRQS:33024 nr_irqs:440 16
[    0.000000] Console: colour VGA+ 80x25
[    0.000000] console [tty1] enabled
[    0.000000] console [ttyS0] enabled
[    0.000000] tsc: Detected 2700.000 MHz processor
[    4.777184] Calibrating delay loop (skipped) preset value.. 5400.00 BogoMIPS (lpj=10800000)
[    4.780587] pid_max: default: 32768 minimum: 301
[    4.782458] ACPI: Core revision 20150930
[    4.827977] ACPI: 2 ACPI AML tables successfully acquired and loaded
[    4.895262] Security Framework initialized
[    4.923441] Yama: becoming mindful.
[    4.943881] AppArmor: AppArmor initialized
[    4.999969] Dentry cache hash table entries: 131072 (order: 8, 1048576 bytes)
[    5.058803] Inode-cache hash table entries: 65536 (order: 7, 524288 bytes)
[    5.149479] Mount-cache hash table entries: 2048 (order: 2, 16384 bytes)
[    5.239093] Mountpoint-cache hash table entries: 2048 (order: 2, 16384 bytes)
[    5.308706] Initializing cgroup subsys io
[    5.336289] Initializing cgroup subsys memory
[    5.355605] Initializing cgroup subsys devices
[    5.397496] Initializing cgroup subsys freezer
[    5.399100] Initializing cgroup subsys net_cls
[    5.431740] Initializing cgroup subsys perf_event
[    5.487399] Initializing cgroup subsys net_prio
[    5.553030] Initializing cgroup subsys hugetlb
[    5.607641] Initializing cgroup subsys pids
[    5.631886] CPU: Physical Processor ID: 0
[    5.676388] CPU: Processor Core ID: 0
[    5.706656] FEATURE SPEC_CTRL Not Present
[    5.731905] mce: CPU supports 0 MCE banks
[    5.742710] Last level iTLB entries: 4KB 64, 2MB 8, 4MB 8
[    5.752349] Last level dTLB entries: 4KB 64, 2MB 0, 4MB 0, 1GB 4
[    5.796106] Spectre V2 mitigation: Mitigation: Full generic retpoline
[    5.837914] Spectre V2 mitigation: Speculation control IBPB not-supported IBRS not-supported
[    5.909156] Freeing SMP alternatives memory: 32K
[    5.952818] ftrace: allocating 32186 entries in 126 pages
[    6.093535] smpboot: APIC(0) Converting physical 0 to logical package 0
[    6.148858] smpboot: Max logical packages: 1
[    6.180122] x2apic enabled
[    6.215025] Switched APIC routing to physical x2apic.
[    6.238225] ..TIMER: vector=0x30 apic1=0 pin1=2 apic2=-1 pin2=-1
[    6.431136] smpboot: CPU0: Intel(R) Core(TM) i5-5257U CPU @ 2.70GHz (family: 0x6, model: 0x3d, stepping: 0x4)
[    6.566574] Performance Events: unsupported p6 CPU model 61 no PMU driver, software events only.
[    6.697256] KVM setup paravirtual spinlock
[    6.738500] x86: Booting SMP configuration:
[    6.801057] .... node  #0, CPUs:      #1
[    6.867954] kvm-clock: cpu 1, msr 0:3ffe3041, secondary cpu clock
[    6.919771] mce: CPU supports 0 MCE banks
[    6.922923] x86: Booted up 1 node, 2 CPUs
[    6.986072] smpboot: Total of 2 processors activated (10800.00 BogoMIPS)
[    7.104324] devtmpfs: initialized
[    7.141174] evm: security.selinux
[    7.197592] evm: security.SMACK64
[    7.237488] evm: security.SMACK64EXEC
[    7.292132] evm: security.SMACK64TRANSMUTE
[    7.362569] evm: security.SMACK64MMAP
[    7.425826] evm: security.ima
[    7.468631] evm: security.capability
[    7.533533] clocksource: jiffies: mask: 0xffffffff max_cycles: 0xffffffff, max_idle_ns: 7645041785100000 ns
[    7.646466] futex hash table entries: 512 (order: 3, 32768 bytes)
[    7.747445] pinctrl core: initialized pinctrl subsystem
[    7.803473] RTC time: 20:35:25, date: 03/18/18
[    7.857715] NET: Registered protocol family 16
[    7.919657] cpuidle: using governor ladder
[    7.984109] cpuidle: using governor menu
[    8.016870] PCCT header not found.
[    8.060012] ACPI: bus type PCI registered
[    8.127058] acpiphp: ACPI Hot Plug PCI Controller Driver version: 0.5
[    8.234533] PCI: Using configuration type 1 for base access
[    8.327347] ACPI: Added _OSI(Module Device)
[    8.388446] ACPI: Added _OSI(Processor Device)
[    8.443495] ACPI: Added _OSI(3.0 _SCP Extensions)
[    8.502539] ACPI: Added _OSI(Processor Aggregator Device)
[    8.568548] ACPI: Executed 1 blocks of module-level executable AML code
[    8.663489] ACPI: Interpreter enabled
[    8.711632] ACPI: (supports S0 S5)
[    8.762699] ACPI: Using IOAPIC for interrupt routing
[    8.835807] PCI: Using host bridge windows from ACPI; if necessary, use "pci=nocrs" and report a bug
[    8.932013] ACPI: PCI Root Bridge [PCI0] (domain 0000 [bus 00-ff])
[    9.028329] acpi PNP0A03:00: _OSC: OS supports [ASPM ClockPM Segments MSI]
[    9.118971] acpi PNP0A03:00: _OSC failed (AE_NOT_FOUND); disabling ASPM
[    9.214545] acpi PNP0A03:00: fail to add MMCONFIG information, can't access extended PCI configuration space under this bridge.
[    9.399633] PCI host bridge to bus 0000:00
[    9.469418] pci_bus 0000:00: root bus resource [io  0x0000-0x0cf7 window]
[    9.567065] pci_bus 0000:00: root bus resource [io  0x0d00-0xffff window]
[    9.674306] pci_bus 0000:00: root bus resource [mem 0x000a0000-0x000bffff window]
[    9.790884] pci_bus 0000:00: root bus resource [mem 0x40000000-0xffdfffff window]
[    9.893247] pci_bus 0000:00: root bus resource [bus 00-ff]
[    9.989748] pci 0000:00:01.1: legacy IDE quirk: reg 0x10: [io  0x01f0-0x01f7]
[   10.115742] pci 0000:00:01.1: legacy IDE quirk: reg 0x14: [io  0x03f6]
[   10.207835] pci 0000:00:01.1: legacy IDE quirk: reg 0x18: [io  0x0170-0x0177]
[   10.294849] pci 0000:00:01.1: legacy IDE quirk: reg 0x1c: [io  0x0376]
[   10.422774] pci 0000:00:07.0: quirk: [io  0x4000-0x403f] claimed by PIIX4 ACPI
[   10.537524] pci 0000:00:07.0: quirk: [io  0x4100-0x410f] claimed by PIIX4 SMB
[   10.662366] ACPI: PCI Interrupt Link [LNKA] (IRQs 5 9 10 *11)
[   10.750170] ACPI: PCI Interrupt Link [LNKB] (IRQs 5 9 10 *11)
[   10.847943] ACPI: PCI Interrupt Link [LNKC] (IRQs 5 9 *10 11)
[   10.931671] ACPI: PCI Interrupt Link [LNKD] (IRQs 5 *9 10 11)
[   11.024992] ACPI: Enabled 2 GPEs in block 00 to 07
[   11.091389] vgaarb: setting as boot device: PCI:0000:00:02.0
[   11.158124] vgaarb: device added: PCI:0000:00:02.0,decodes=io+mem,owns=io+mem,locks=none
[   11.223294] vgaarb: loaded
[   11.258553] vgaarb: bridge control possible 0000:00:02.0
[   11.278953] SCSI subsystem initialized
[   11.280429] ACPI: bus type USB registered
[   11.297126] usbcore: registered new interface driver usbfs
[   11.343704] usbcore: registered new interface driver hub
[   11.400311] usbcore: registered new device driver usb
[   11.420092] PCI: Using ACPI for IRQ routing
[   11.477126] NetLabel: Initializing
[   11.494227] NetLabel:  domain hash size = 128
[   11.556340] NetLabel:  protocols = UNLABELED CIPSOv4
[   11.606312] NetLabel:  unlabeled traffic allowed by default
[   11.683444] amd_nb: Cannot enumerate AMD northbridges
[   11.747590] clocksource: Switched to clocksource kvm-clock
[   11.838972] AppArmor: AppArmor Filesystem Enabled
[   11.917361] pnp: PnP ACPI init
[   11.993524] pnp: PnP ACPI: found 3 devices
[   12.094767] clocksource: acpi_pm: mask: 0xffffff max_cycles: 0xffffff, max_idle_ns: 2085701024 ns
[   12.307077] NET: Registered protocol family 2
[   12.311792] TCP established hash table entries: 8192 (order: 4, 65536 bytes)
[   12.406332] TCP bind hash table entries: 8192 (order: 5, 131072 bytes)
[   12.428499] TCP: Hash tables configured (established 8192 bind 8192)
[   12.438133] UDP hash table entries: 512 (order: 2, 16384 bytes)
[   12.475123] UDP-Lite hash table entries: 512 (order: 2, 16384 bytes)
[   12.494301] NET: Registered protocol family 1
[   12.509852] pci 0000:00:00.0: Limiting direct PCI/PCI transfers
[   12.520256] pci 0000:00:01.0: Activating ISA DMA hang workarounds
[   12.536944] Unpacking initramfs...
[   14.351831] Freeing initrd memory: 10844K
[   14.358996] RAPL PMU detected, API unit is 2^-32 Joules, 4 fixed counters 10737418240 ms ovfl timer
[   14.406448] hw unit of domain pp0-core 2^-0 Joules
[   14.436096] hw unit of domain package 2^-0 Joules
[   14.501798] hw unit of domain dram 2^-0 Joules
[   14.565711] hw unit of domain pp1-gpu 2^-0 Joules
[   14.636522] platform rtc_cmos: registered platform RTC device (no PNP device found)
[   14.751642] Scanning for low memory corruption every 60 seconds
[   14.829330] audit: initializing netlink subsys (disabled)
[   14.857709] audit: type=2000 audit(1521405326.614:1): initialized
[   14.936989] Initialise system trusted keyring
[   14.987333] HugeTLB registered 2 MB page size, pre-allocated 0 pages
[   15.085773] zbud: loaded
[   15.124709] VFS: Disk quotas dquot_6.6.0
[   15.212447] VFS: Dquot-cache hash table entries: 512 (order 0, 4096 bytes)
[   15.360162] squashfs: version 4.0 (2009/01/31) Phillip Lougher
[   15.489374] fuse init (API version 7.23)
[   15.506797] Key type big_key registered
[   15.609070] Allocating IMA MOK and blacklist keyrings.
[   15.738790] tsc: Refined TSC clocksource calibration: 2701.291 MHz
[   15.848597] clocksource: tsc: mask: 0xffffffffffffffff max_cycles: 0x26f002093ee, max_idle_ns: 440795279715 ns
[   15.848926] Key type asymmetric registered
[   15.848928] Asymmetric key parser 'x509' registered
[   15.848988] Block layer SCSI generic (bsg) driver version 0.4 loaded (major 249)
[   15.849022] io scheduler noop registered
[   15.849025] io scheduler deadline registered (default)
[   15.849060] io scheduler cfq registered
[   15.849177] pci_hotplug: PCI Hot Plug PCI Core version: 0.5
[   15.849184] pciehp: PCI Express Hot Plug Controller Driver version: 0.4
[   15.849586] ACPI: AC Adapter [AC] (on-line)
[   15.849653] input: Power Button as /devices/LNXSYSTM:00/LNXPWRBN:00/input/input0
[   15.849656] ACPI: Power Button [PWRF]
[   15.849807] input: Sleep Button as /devices/LNXSYSTM:00/LNXSLPBN:00/input/input1
[   15.849809] ACPI: Sleep Button [SLPF]
[   15.850019] GHES: HEST is not enabled!
[   15.851501] ACPI: Battery Slot [BAT0] (battery present)
[   15.851573] Serial: 8250/16550 driver, 32 ports, IRQ sharing enabled
[   16.111055] 00:02: ttyS0 at I/O 0x3f8 (irq = 4, base_baud = 115200) is a 16550A
[   16.225788] Linux agpgart interface v0.103
[   16.304677] loop: module loaded
[   16.305287] scsi host0: ata_piix
[   16.305339] scsi host1: ata_piix
[   16.305365] ata1: PATA max UDMA/33 cmd 0x1f0 ctl 0x3f6 bmdma 0xd000 irq 14
[   16.305366] ata2: PATA max UDMA/33 cmd 0x170 ctl 0x376 bmdma 0xd008 irq 15
[   16.305435] libphy: Fixed MDIO Bus: probed
[   16.305437] tun: Universal TUN/TAP device driver, 1.6
[   16.305438] tun: (C) 1999-2004 Max Krasnyansky <maxk@qualcomm.com>
[   16.306804] PPP generic driver version 2.4.2
[   16.306875] ehci_hcd: USB 2.0 'Enhanced' Host Controller (EHCI) Driver
[   16.306881] ehci-pci: EHCI PCI platform driver
[   16.306898] ehci-platform: EHCI generic platform driver
[   16.306906] ohci_hcd: USB 1.1 'Open' Host Controller (OHCI) Driver
[   16.306909] ohci-pci: OHCI PCI platform driver
[   16.306917] ohci-platform: OHCI generic platform driver
[   16.306923] uhci_hcd: USB Universal Host Controller Interface driver
[   16.306980] i8042: PNP: PS/2 Controller [PNP0303:PS2K,PNP0f03:PS2M] at 0x60,0x64 irq 1,12
[   16.330153] serio: i8042 KBD port at 0x60,0x64 irq 1
[   16.330162] serio: i8042 AUX port at 0x60,0x64 irq 12
[   16.330347] mousedev: PS/2 mouse device common for all mice
[   16.330802] rtc_cmos rtc_cmos: rtc core: registered rtc_cmos as rtc0
[   16.330859] rtc_cmos rtc_cmos: alarms up to one day, 114 bytes nvram
[   16.330866] i2c /dev entries driver
[   16.330923] device-mapper: uevent: version 1.0.3
[   16.330972] device-mapper: ioctl: 4.34.0-ioctl (2015-10-28) initialised: dm-devel@redhat.com
[   16.330992] ledtrig-cpu: registered to indicate activity on CPUs
[   16.331260] NET: Registered protocol family 10
[   16.331392] NET: Registered protocol family 17
[   16.331402] Key type dns_resolver registered
[   16.347978] microcode: CPU0 sig=0x306d4, pf=0x40, revision=0x0
[   16.348041] microcode: CPU1 sig=0x306d4, pf=0x40, revision=0x0
[   16.348100] microcode: Microcode Update Driver: v2.01 <tigran@aivazian.fsnet.co.uk>, Peter Oruba
[   16.348217] registered taskstats version 1
[   16.348229] Loading compiled-in X.509 certificates
[   16.348791] Loaded X.509 cert 'Build time autogenerated kernel key: aa84f01984fbd529c105810b59e379d349698248'
[   16.348811] zswap: loaded using pool lzo/zbud
[   16.350401] Key type trusted registered
[   16.353246] Key type encrypted registered
[   16.353252] AppArmor: AppArmor sha1 policy hashing enabled
[   16.353255] ima: No TPM chip found, activating TPM-bypass!
[   16.353273] evm: HMAC attrs: 0x1
[   16.353655]   Magic number: 10:485:599
[   16.353668] serial8250 serial8250: hash matches
[   16.373169] rtc_cmos rtc_cmos: setting system clock to 2018-03-18 20:35:33 UTC (1521405333)
[   16.373319] BIOS EDD facility v0.16 2004-Jun-25, 0 devices found
[   16.373320] EDD information not available.
[   16.540855] input: AT Translated Set 2 keyboard as /devices/platform/i8042/serio0/input/input2
[   19.252804] Freeing unused kernel memory: 1508K
[   19.269089] Write protecting the kernel read-only data: 14336k
[   19.279956] Freeing unused kernel memory: 1700K
[   19.291277] Freeing unused kernel memory: 104K
Loading, please wait...
starting version[   19.326038] random: systemd-udevd: uninitialized urandom read (16 bytes read, 7 bits of entropy available)
 229
[   19.329647] random: udevadm: uninitialized urandom read (16 bytes read, 7 bits of entropy available)
[   19.329682] random: udevadm: uninitialized urandom read (16 bytes read, 7 bits of entropy available)
[   19.355301] random: udevadm: uninitialized urandom read (16 bytes read, 7 bits of entropy available)
[   19.355377] random: udevadm: uninitialized urandom read (16 bytes read, 7 bits of entropy available)
[   19.355641] random: udevadm: uninitialized urandom read (16 bytes read, 7 bits of entropy available)
[   19.355808] random: udevadm: uninitialized urandom read (16 bytes read, 7 bits of entropy available)
[   19.355914] random: udevadm: uninitialized urandom read (16 bytes read, 7 bits of entropy available)
[   19.356023] random: udevadm: uninitialized urandom read (16 bytes read, 7 bits of entropy available)
[   19.356133] random: udevadm: uninitialized urandom read (16 bytes read, 7 bits of entropy available)
[   20.493841] e1000: Intel(R) PRO/1000 Network Driver - version 7.3.21-k8-NAPI
[   20.521829] e1000: Copyright (c) 1999-2006 Intel Corporation.
[   20.573090] Fusion MPT base driver 3.04.20
[   20.604898] Copyright (c) 1999-2008 LSI Corporation
[   20.626576] Fusion MPT SPI Host driver 3.04.20
[   20.669528] AVX version of gcm_enc/dec engaged.
[   20.676542] AES CTR mode by8 optimization enabled
[   20.823495] input: ImExPS/2 Generic Explorer Mouse as /devices/platform/i8042/serio1/input/input4
[   21.129245] e1000 0000:00:03.0 eth0: (PCI:33MHz:32-bit) 02:74:f2:80:ad:a4
[   21.215494] e1000 0000:00:03.0 eth0: Intel(R) PRO/1000 Network Connection
[   21.268277] mptbase: ioc0: Initiating bringup
[   21.336564] ioc0: LSI53C1030 A0: Capabilities={Initiator}
[   21.590453] scsi host2: ioc0: LSI53C1030 A0, FwRev=00000000h, Ports=1, MaxQ=256, IRQ=20
[   21.733078] scsi 2:0:0:0: Direct-Access     VBOX     HARDDISK         1.0  PQ: 0 ANSI: 5
[   21.779314] scsi target2:0:0: Beginning Domain Validation
[   21.849696] scsi target2:0:0: Domain Validation skipping write tests
[   21.951308] scsi target2:0:0: Ending Domain Validation
[   21.958861] scsi target2:0:0: asynchronous
[   21.963881] scsi 2:0:1:0: Direct-Access     VBOX     HARDDISK         1.0  PQ: 0 ANSI: 5
[   21.969955] scsi target2:0:1: Beginning Domain Validation
[   21.975136] scsi target2:0:1: Domain Validation skipping write tests
[   21.983210] scsi target2:0:1: Ending Domain Validation
[   21.989339] scsi target2:0:1: asynchronous
[   22.008328] sd 2:0:0:0: Attached scsi generic sg0 type 0
[   22.013517] sd 2:0:0:0: [sda] 20971520 512-byte logical blocks: (10.7 GB/10.0 GiB)
[   22.028289] sd 2:0:1:0: Attached scsi generic sg1 type 0
[   22.049347] sd 2:0:1:0: [sdb] 20480 512-byte logical blocks: (10.5 MB/10.0 MiB)
[   22.059763] sd 2:0:1:0: [sdb] Write Protect is off
[   22.063686] sd 2:0:0:0: [sda] Write Protect is off
[   22.072987] sd 2:0:1:0: [sdb] Incomplete mode parameter data
[   22.085208] sd 2:0:1:0: [sdb] Assuming drive cache: write through
[   22.092667] sd 2:0:0:0: [sda] Incomplete mode parameter data
[   22.097857] sd 2:0:0:0: [sda] Assuming drive cache: write through
[   22.110823]  sda: sda1
[   22.114472] sd 2:0:0:0: [sda] Attached SCSI disk
[   22.117554] sd 2:0:1:0: [sdb] Attached SCSI disk
[   22.333768] e1000 0000:00:08.0 eth1: (PCI:33MHz:32-bit) 08:00:27:83:da:a6
[   22.380257] e1000 0000:00:08.0 eth1: Intel(R) PRO/1000 Network Connection
[   22.463455] e1000 0000:00:03.0 enp0s3: renamed from eth0
[   22.544527] e1000 0000:00:08.0 enp0s8: renamed from eth1
[   23.525117] floppy0: no floppy controllers found
Begin: Loading e[   24.931538] md: linear personality registered for level -1
ssential drivers[   25.009188] md: multipath personality registered for level -4
 ... [   25.049508] md: raid0 personality registered for level 0
[   25.129649] md: raid1 personality registered for level 1
[   25.204398] raid6: sse2x1   gen()  9363 MB/s
[   25.352138] raid6: sse2x1   xor()  6983 MB/s
[   25.491665] raid6: sse2x2   gen() 11190 MB/s
[   25.599628] raid6: sse2x2   xor()  7711 MB/s
[   25.777250] raid6: sse2x4   gen() 13645 MB/s
[   25.921917] raid6: sse2x4   xor()  9590 MB/s
[   26.010816] raid6: using algorithm sse2x4 gen() 13645 MB/s
[   26.041365] raid6: .... xor() 9590 MB/s, rmw enabled
[   26.049210] raid6: using ssse3x2 recovery algorithm
[   26.100805] xor: automatically using best checksumming function:
[   26.224101]    avx       : 19058.000 MB/sec
[   26.250742] async_tx: api initialized (async)
[   26.314717] md: raid6 personality registered for level 6
[   26.414409] md: raid5 personality registered for level 5
[   26.500131] md: raid4 personality registered for level 4
[   26.580137] md: raid10 personality registered for level 10
done.
Begin: Running /scripts/init-premount ... done.
Begin: Mounti[   26.707644] Btrfs loaded
ng root file system ... Begin: Running /scripts/[   26.782160] EXT4-fs (sda1): INFO: recovery required on readonly filesystem
local-top ... do[   26.881237] EXT4-fs (sda1): write access will be enabled during recovery
ne.
Begin: Running /scripts/local-premount ... Scanning for Btrfs filesystems
done.
Warning: fsck not present, so skipping root file system
[   27.058000] EXT4-fs (sda1): recovery complete
[   27.113133] EXT4-fs (sda1): mounted filesystem with ordered data mode. Opts: (null)
done.
Begin: Running /scripts/local-bottom ... done.
Begin: Running /scripts/init-bottom ... done.
[   27.335190] systemd[1]: systemd 229 running in system mode. (+PAM +AUDIT +SELINUX +IMA +APPARMOR +SMACK +SYSVINIT +UTMP +LIBCRYPTSETUP +GCRYPT +GNUTLS +ACL +XZ -LZ4 +SECCOMP +BLKID +ELFUTILS +KMOD -IDN)
[   27.406743] systemd[1]: Detected virtualization oracle.
[   27.441258] systemd[1]: Detected architecture x86-64.

Welcome to [1mUbuntu 16.04.4 LTS[0m!

[   27.508645] systemd[1]: Set hostname to <ubuntu-xenial>.
[   27.694825] random: nonblocking pool is initialized
[   27.812979] systemd[1]: Reached target Swap.
[[0;32m  OK  [0m] Reached target Swap.
[   27.868658] systemd[1]: Listening on LVM2 metadata daemon socket.
[[0;32m  OK  [0m] Listening on LVM2 metadata daemon socket.
[   28.024793] systemd[1]: Listening on /dev/initctl Compatibility Named Pipe.
[[0;32m  OK  [0m] Listening on /dev/initctl Compatibility Named Pipe.
[   28.133104] systemd[1]: Created slice User and Session Slice.
[[0;32m  OK  [0m] Created slice User and Session Slice.
[   28.284377] systemd[1]: Listening on Journal Socket (/dev/log).
[[0;32m  OK  [0m] Listening on Journal Socket (/dev/log).
[   28.368430] systemd[1]: Listening on Journal Audit Socket.
[[0;32m  OK  [0m] Listening on Journal Audit Socket.
[   28.484611] systemd[1]: Started Forward Password Requests to Wall Directory Watch.
[[0;32m  OK  [0m] Started Forward Password Requests to Wall Directory Watch.
[   28.656275] systemd[1]: Started Trigger resolvconf update for networkd DNS.
[[0;32m  OK  [0m] Started Trigger resolvconf update for networkd DNS.
[   28.932207] systemd[1]: Reached target Encrypted Volumes.
[[0;32m  OK  [0m] Reached target Encrypted Volumes.
[   29.064305] systemd[1]: Listening on udev Kernel Socket.
[[0;32m  OK  [0m] Listening on udev Kernel Socket.
[   29.236301] systemd[1]: Listening on Syslog Socket.
[[0;32m  OK  [0m] Listening on Syslog Socket.
[   29.396523] systemd[1]: Created slice System Slice.
[[0;32m  OK  [0m] Created slice System Slice.
[   29.499295] systemd[1]: Created slice system-serial\x2dgetty.slice.
[[0;32m  OK  [0m] Created slice system-serial\x2dgetty.slice.
[   29.560583] systemd[1]: Reached target Slices.
[[0;32m  OK  [0m] Reached target Slices.
[   29.672571] systemd[1]: Listening on Device-mapper event daemon FIFOs.
[[0;32m  OK  [0m] Listening on Device-mapper event daemon FIFOs.
[   29.834199] systemd[1]: Listening on udev Control Socket.
[[0;32m  OK  [0m] Listening on udev Control Socket.
[   29.967986] systemd[1]: Reached target User and Group Name Lookups.
[[0;32m  OK  [0m] Reached target User and Group Name Lookups.
[   30.188853] systemd[1]: Listening on Journal Socket.
[[0;32m  OK  [0m] Listening on Journal Socket.
[   30.352012] systemd[1]: Mounting Huge Pages File System...
         Mounting Huge Pages File System...
[   30.424125] systemd[1]: Starting Uncomplicated firewall...
         Starting Uncomplicated firewall...
[   30.575886] systemd[1]: Starting Nameserver information manager...
         Starting Nameserver information manager...
[   30.692294] systemd[1]: Mounting POSIX Message Queue File System...
         Mounting POSIX Message Queue File System...
[   30.890462] systemd[1]: Starting Load Kernel Modules...
[   30.914857] Loading iSCSI transport class v2.0-870.
         Startin[   31.045371] iscsi: registered transport (tcp)
g Load Kernel Modules...
[   31.151263] iscsi: registered transport (iser)
[   31.272041] systemd[1]: Mounting Debug File System...
         Mounting Debug File System...
[   31.408579] systemd[1]: Starting Set console keymap...
         Starting Set console keymap...
[   31.552482] systemd[1]: Starting Create list of required static device nodes for the current kernel...
         Starting Create list of required st... nodes for the current kernel...
[   31.755974] systemd[1]: Starting Monitoring of LVM2 mirrors, snapshots etc. using dmeventd or progress polling...
         Starting Monitoring of LVM2 mirrors... dmeventd or progress polling...
[   31.847891] systemd[1]: Starting Remount Root and Kernel File Systems...
[   31.851330] EXT4-fs (sda1): re-mounted. Opts: (null)
         Starting Remount Root and Kernel File Systems...
[   31.996454] systemd[1]: Listening on LVM2 poll daemon socket.
[[0;32m  OK  [0m] Listening on LVM2 poll daemon socket.
[   32.078814] systemd[1]: Set up automount Arbitrary Executable File Formats File System Automount Point.
[[0;32m  OK  [0m] Set up automount Arbitrary Executab...ats File System Automount Point.
[   32.235996] systemd[1]: Starting Journal Service...
         Starting Journal Service...
[   32.289486] systemd[1]: Mounted Debug File System.
[[0;32m  OK  [0m] Mounted Debug File System.
[   32.376311] systemd[1]: Mounted POSIX Message Queue File System.
[[0;32m  OK  [0m] Mounted POSIX Message Queue File System.
[   32.462732] systemd[1]: Mounted Huge Pages File System.
[[0;32m  OK  [0m] Mounted Huge Pages File System.
[   32.537542] systemd[1]: Started Journal Service.
[[0;32m  OK  [0m] Started Journal Service.
[[0;32m  OK  [0m] Started Uncomplicated firewall.
[[0;32m  OK  [0m] Started Load Kernel Modules.
[[0;32m  OK  [0m] Started Set console keymap.
[[0;32m  OK  [0m] Started Create list of required sta...ce nodes for the current kernel.
[[0;32m  OK  [0m] Started Remount Root and Kernel File Systems.
[[0;32m  OK  [0m] Started Nameserver information manager.
[[0;32m  OK  [0m] Started LVM2 metadata daemon.
         Starting Load/Save Random Seed...
         Starting Initial cloud-init job (pre-networking)...
         Starting udev Coldplug all Devices...
         Starting Create Static Device Nodes in /dev...
         Mounting FUSE Control File System...
         Starting Apply Kernel Variables...
         Starting Flush Journal to Persistent Storage...
[[0;32m  OK  [0m] Mounted FUSE Control File System.
[[0;32m  OK  [0m] Started Load/Save Random Seed.
[[0;32m  OK  [0m] Started Monitoring of LVM2 mirrors,...ng dmeventd or progress polling.
[[0;32m  OK  [0m] Started Create Static Device Nodes in /dev.
[[0;32m  OK  [0m] Started Apply Kernel Variables.
[[0;32m  OK  [0m] Started udev Coldplug all Devices.
[[0;32m  OK  [0m] Started Flush Journal to Persistent Storage.
         Starting udev Kernel Device Manager...
[[0;32m  OK  [0m] Started udev Kernel Device Manager.
[[0;32m  OK  [0m] Reached target Local File Systems (Pre).
[[0;32m  OK  [0m] Reached target Local File Systems.
         Starting Set console font and keymap...
         Starting Tell Plymouth To Write Out Runtime Data...
         Starting LSB: AppArmor initialization...
         Starting Create Volatile Files and Directories...
[[0;32m  OK  [0m] Started Dispatch Password Requests to Console Directory Watch.
[   23.518498] cloud-init[451]: Cloud-init v. 17.2 running 'init-local' at Sun, 18 Mar 2018 20:35:50 +0000. Up 22.77 seconds.
[[0;32m  OK  [0m] Started Tell Plymouth To Write Out Runtime Data.
[[0;32m  OK  [0m] Started Create Volatile Files and Directories.
[[0;32m  OK  [0m] Started Set console font and keymap.
[[0;32m  OK  [0m] Started Initial cloud-init job (pre-networking).
[[0;32m  OK  [0m] Found device /dev/ttyS0.
[[0;32m  OK  [0m] Listening on Load/Save RF Kill Switch Status /dev/rfkill Watch.
[[0;32m  OK  [0m] Reached target Network (Pre).
[[0;32m  OK  [0m] Created slice system-getty.slice.
         Starting Update UTMP about System Boot/Shutdown...
[[0;32m  OK  [0m] Reached target System Time Synchronized.
[[0;32m  OK  [0m] Started LSB: AppArmor initialization.
         Starting Raise network interfaces...
[[0;32m  OK  [0m] Started ifup for enp0s8.
[[0;32m  OK  [0m] Started ifup for enp0s3.
[[0;32m  OK  [0m] Started Update UTMP about System Boot/Shutdown.
[[0;32m  OK  [0m] Started Raise network interfaces.
[[0;32m  OK  [0m] Reached target Network.
         Starting Initial cloud-init job (metadata service crawler)...
[   26.752814] cloud-init[1057]: Cloud-init v. 17.2 running 'init' at Sun, 18 Mar 2018 20:35:54 +0000. Up 26.38 seconds.
[   26.860656] [cloud-init[0;32m  OK  [0m[1057]: ] ci-info: ++++++++++++++++++++++++++++++++++++++Net device info++++++++++++++++++++++++++++++++++++++Started Initial cloud-init job (metadata service crawler).

[   26.861467] cloud-init[1057]: ci-info: +--------+------+-----------------------------+---------------+-------+-------------------+
[   27.140780] [cloud-init[0;32m  OK  [0m[1057]: ] ci-info: | Device |  Up  |           Address           |      Mask     | Scope |     Hw-Address    |Reached target Cloud-config availability.

[[0;32m  OK  [0m] Reached target Network is Online.
[   27.141603] cloud-init[1057]: ci-info: +--------+------+-----------------------------+---------------+-------+-------------------+
[   27.445167]          cloud-initStarting iSCSI initiator daemon (iscsid)...[1057]: 
ci-info: | enp0s3 | True |          10.0.2.15          | 255.255.255.0 |   .   | 02:74:f2:80:ad:a4 |
[[0;32m  OK  [0m] Reached target System Initialization.
[[0;32m  OK  [0m] Listening on D-Bus System Message Bus Socket.
[[0;32m  OK  [0m] Listening on ACPID Listen Socket.
[   27.571828] cloud-init[1057]: ci-info: | enp0s3 | True |  fe80::74:f2ff:fe80:ada4/64 |       .       |  link | 02:74:f2:80:ad:a4 |
[   27.692423] [cloud-init[0;32m  OK  [0m[1057]: ] ci-info: | enp0s8 | True |        192.168.10.150       | 255.255.255.0 |   .   | 08:00:27:83:da:a6 |Started Daily Cleanup of Temporary Directories.

[   27.693245] cloud-init[1057]:          ci-info: | enp0s8 | True | fe80::a00:27ff:fe83:daa6/64 |       .       |  link | 08:00:27:83:da:a6 |Starting LXD - unix socket.

[[0;32m  OK  [0m] Listening on UUID daemon activation socket.
[[0;32m  OK  [0m] Started Timer to automatically refresh installed snaps.
[   27.871737] cloud-init[1057]: ci-info: |   lo   | True |          127.0.0.1          |   255.0.0.0   |   .   |         .         |
[   28.184476] [cloud-init[0;32m  OK  [0m[1057]: ] ci-info: |   lo   | True |           ::1/128           |       .       |  host |         .         |Started ACPI Events Check.

[   28.185427] [cloud-init[0;32m  OK  [0m[1057]: ] ci-info: +--------+------+-----------------------------+---------------+-------+-------------------+Reached target Paths.

[   28.440245] [cloud-init[0;32m  OK  [0m[1057]: ] ci-info: ++++++++++++++++++++++++++++Route IPv4 info++++++++++++++++++++++++++++Started Daily apt download activities.

[[0;32m  OK  [0m] Started Daily apt upgrade and clean activities.
[[0;32m  OK  [0m] Reached target Timers.
[   28.441387] cloud-init[1057]: ci-info: +-------+--------------+----------+---------------+-----------+-------+
[   28.704684]          cloud-initStarting Socket activation for snappy daemon.[1057]: 
ci-info: | Route | Destination  | Gateway  |    Genmask    | Interface | Flags |
[   28.768384] [cloud-init[0;32m  OK  [0m[1057]: ] ci-info: +-------+--------------+----------+---------------+-----------+-------+Listening on LXD - unix socket.

[[0;32m  OK  [0m] Listening on Socket activation for snappy daemon.
[[0;32m  OK  [0m] Started iSCSI initiator daemon (iscsid).
[   28.769513] cloud-init[1057]: ci-info: |   0   |   0.0.0.0    | 10.0.2.2 |    0.0.0.0    |   enp0s3  |   UG  |
[   28.964859]          cloud-initStarting Login to default iSCSI targets...[1057]: 
ci-info: |   1   |   10.0.2.0   | 0.0.0.0  | 255.255.255.0 |   enp0s3  |   U   |
[   29.108936] [cloud-init[0;32m  OK  [0m[1057]: ] ci-info: |   2   | 192.168.10.0 | 0.0.0.0  | 255.255.255.0 |   enp0s8  |   U   |Reached target Sockets.

[[0;32m  OK  [0m] Reached target Basic System.
[   29.109869] cloud-init[1057]: ci-info: +-------+--------------+----------+---------------+-----------+-------+
[[0;32m  OK  [0m] Started FUSE filesystem for LXC.
         Starting Login Service...
         Starting LSB: Record successful boot for GRUB...
         Starting Apply the settings specified in cloud-config...
         Starting Snappy daemon...
[[0;32m  OK  [0m] Started D-Bus System Message Bus.
         Starting OpenBSD Secure Shell server...
         Starting LSB: MD monitoring daemon...
         Starting Accounts Service...
         Starting /etc/rc.local Compatibility...
[[0;32m  OK  [0m] Started Deferred execution scheduler.
[[0;32m  OK  [0m] Started Unattended Upgrades Shutdown.
         Starting System Logging Service...
[[0;32m  OK  [0m] Started ACPI event daemon.
[[0;32m  OK  [0m] Started Regular background program processing daemon.
[   30.044661] cloud-init[1129]: Cloud-init v. 17.2 running 'modules:config' at Sun, 18 Mar 2018 20:35:58 +0000. Up 29.82 seconds.
         Starting LXD - container startup/shutdown...
[[0;32m  OK  [0m] Started OpenBSD Secure Shell server.
[[0;32m  OK  [0m] Started Snappy daemon.
[[0;32m  OK  [0m] Started System Logging Service.
[[0;32m  OK  [0m] Started Apply the settings specified in cloud-config.
[[0;32m  OK  [0m] Started /etc/rc.local Compatibility.
[[0;32m  OK  [0m] Started LXD - container startup/shutdown.
[[0;32m  OK  [0m] Started Login to default iSCSI targets.
[[0;32m  OK  [0m] Started LSB: Record successful boot for GRUB.
[[0;32m  OK  [0m] Started LSB: MD monitoring daemon.
[[0;32m  OK  [0m] Started Login Service.
         Starting Authenticate and Authorize Users to Run Privileged Tasks...
[[0;32m  OK  [0m] Reached target Remote File Systems (Pre).
[[0;32m  OK  [0m] Reached target Remote File Systems.
         Starting LSB: Set the CPU Frequency Scaling governor to "ondemand"...
         Starting LSB: automatic crash report generation...
         Starting Permit User Sessions...
         Starting LSB: daemon to balance interrupts for SMP systems...
         Starting LSB: VirtualBox Linux Additions...
[[0;32m  OK  [0m] Started Permit User Sessions.
[[0;32m  OK  [0m] Started Authenticate and Authorize Users to Run Privileged Tasks.
[[0;32m  OK  [0m] Started Accounts Service.
[[0;32m  OK  [0m] Started LSB: Set the CPU Frequency Scaling governor to "ondemand".
[[0;32m  OK  [0m] Started LSB: automatic crash report generation.
         Starting Hold until boot process finishes up...
         Starting Terminate Plymouth Boot Screen...
[[0;32m  OK  [0m] Started LSB: daemon to balance interrupts for SMP systems.
[[0;32m  OK  [0m] Started LSB: VirtualBox Linux Additions.
[[0;32m  OK  [0m] Started Hold until boot process finishes up.
[[0;32m  OK  [0m] Started Terminate Plymouth Boot Screen.
[[0;32m  OK  [0m] Started Serial Getty on ttyS0.
         Starting Set console scheme...
[[0;32m  OK  [0m] Started Getty on tty1.
[[0;32m  OK  [0m] Reached target Login Prompts.
[[0;32m  OK  [0m] Reached target Multi-User System.
         Starting Execute cloud user/final scripts...
[[0;32m  OK  [0m] Reached target Graphical Interface.
         Starting Update UTMP about System Runlevel Changes...
[[0;32m  OK  [0m] Started Set console scheme.
[[0;32m  OK  [0m] Started Update UTMP about System Runlevel Changes.
[[0;32m  OK  [0m] Created slice User Slice of vagrant.
[[0;32m  OK  [0m] Started Session 1 of user vagrant.
         Starting User Manager for UID 1000...
[[0;32m  OK  [0m] Started User Manager for UID 1000.
[   32.620769] cloud-init[1278]: Cloud-init v. 17.2 running 'modules:final' at Sun, 18 Mar 2018 20:36:00 +0000. Up 32.40 seconds.
[   32.649127] cloud-init[1278]: Cloud-init v. 17.2 finished at Sun, 18 Mar 2018 20:36:00 +0000. Datasource DataSourceNoCloud [seed=/dev/sdb][dsmode=net].  Up 32.61 seconds
[[0;32m  OK  [0m] Started Execute cloud user/final scripts.
[[0;32m  OK  [0m] Reached target Cloud-init target.

Ubuntu 16.04.4 LTS ubuntu-xenial ttyS0

ubuntu-xenial login: 